<?xml version="1.0" encoding="UTF-8"?>
<!-- Generated by org.testng.reporters.JUnitReportReporter -->
<testsuite hostname="DESKTOP-JCJ8HOK" failures="0" tests="1" name="suiteB.TestB3" time="4.017" errors="0" timestamp="31 Aug 2021 01:52:15 GMT" skipped="0">
  <testcase classname="suiteB.TestB3" name="testB3" time="4.017"/>
</testsuite> <!-- suiteB.TestB3 -->
