<?xml version="1.0" encoding="UTF-8"?>
<!-- Generated by org.testng.reporters.JUnitReportReporter -->
<testsuite hostname="DESKTOP-JCJ8HOK" failures="0" tests="1" name="testngrunner.Login" time="0.023" errors="0" timestamp="21 Sep 2021 01:30:59 GMT" skipped="0">
  <testcase classname="testngrunner.Login" name="f" time="0.023"/>
</testsuite> <!-- testngrunner.Login -->
