<?xml version="1.0" encoding="UTF-8"?>
<!-- Generated by org.testng.reporters.JUnitReportReporter -->
<testsuite hostname="DESKTOP-JCJ8HOK" failures="0" tests="7" name="actions.MouseOperations" time="13.434" errors="0" timestamp="13 Oct 2021 01:39:27 GMT" skipped="6">
  <testcase classname="actions.MouseOperations" name="autoSuggestion" time="13.434"/>
  <testcase classname="actions.MouseOperations" name="dragAnddrop">
    <skipped/>
  </testcase> <!-- dragAnddrop -->
  <testcase classname="actions.MouseOperations" name="MoveToelement">
    <skipped/>
  </testcase> <!-- MoveToelement -->
  <testcase classname="actions.MouseOperations" name="resizeMethod">
    <skipped/>
  </testcase> <!-- resizeMethod -->
  <testcase classname="actions.MouseOperations" name="slider">
    <skipped/>
  </testcase> <!-- slider -->
  <testcase classname="actions.MouseOperations" name="Browserslider">
    <skipped/>
  </testcase> <!-- Browserslider -->
  <testcase classname="actions.MouseOperations" name="rightClickMethod">
    <skipped/>
  </testcase> <!-- rightClickMethod -->
</testsuite> <!-- actions.MouseOperations -->
