<?xml version="1.0" encoding="UTF-8"?>
<!-- Generated by org.testng.reporters.JUnitReportReporter -->
<testsuite hostname="DESKTOP-JCJ8HOK" failures="0" tests="1" name="com.project.July6_30AM_MavenBuild.RadioButton1" time="17.760" errors="0" timestamp="01 Sep 2021 01:31:12 GMT" skipped="0">
  <testcase classname="com.project.July6_30AM_MavenBuild.RadioButton1" name="radioButton1" time="17.760"/>
</testsuite> <!-- com.project.July6_30AM_MavenBuild.RadioButton1 -->
