<?xml version="1.0" encoding="UTF-8"?>
<!-- Generated by org.testng.reporters.JUnitReportReporter -->
<testsuite hostname="DESKTOP-JCJ8HOK" failures="0" tests="2" name="com.project.July6_30AM_MavenBuild.CheckBox1" time="59.942" errors="0" timestamp="30 Aug 2021 02:11:31 GMT" skipped="0">
  <testcase classname="com.project.July6_30AM_MavenBuild.CheckBox1" name="checkboxTest" time="36.518"/>
  <testcase classname="com.project.July6_30AM_MavenBuild.CheckBox1" name="checkboxTest" time="23.424"/>
</testsuite> <!-- com.project.July6_30AM_MavenBuild.CheckBox1 -->
