<?xml version="1.0" encoding="UTF-8"?>
<!-- Generated by org.testng.reporters.JUnitReportReporter -->
<testsuite hostname="DESKTOP-JCJ8HOK" failures="0" tests="3" name="com.project.July6_30AM_MavenBuild.TNG_001" time="0.127" errors="0" timestamp="30 Aug 2021 01:15:02 GMT" skipped="1">
  <testcase classname="com.project.July6_30AM_MavenBuild.TNG_001" name="f" time="0.073"/>
  <testcase classname="com.project.July6_30AM_MavenBuild.TNG_001" name="a" time="0.054"/>
  <testcase classname="com.project.July6_30AM_MavenBuild.TNG_001" name="z">
    <skipped/>
  </testcase> <!-- z -->
</testsuite> <!-- com.project.July6_30AM_MavenBuild.TNG_001 -->
