<?xml version="1.0" encoding="UTF-8"?>
<!-- Generated by org.testng.reporters.JUnitReportReporter -->
<testsuite hostname="DESKTOP-JCJ8HOK" failures="0" tests="1" name="suiteB.TestB2" time="4.016" errors="0" timestamp="31 Aug 2021 01:52:15 GMT" skipped="0">
  <testcase classname="suiteB.TestB2" name="testB2" time="4.016"/>
</testsuite> <!-- suiteB.TestB2 -->
