<?xml version="1.0" encoding="UTF-8"?>
<!-- Generated by org.testng.reporters.JUnitReportReporter -->
<testsuite hostname="DESKTOP-JCJ8HOK" failures="0" tests="2" name="com.project.July6_30AM_MavenBuild.TNG_002" time="124.889" errors="0" timestamp="30 Aug 2021 02:11:31 GMT" skipped="0">
  <testcase classname="com.project.July6_30AM_MavenBuild.TNG_002" name="f" time="65.297"/>
  <testcase classname="com.project.July6_30AM_MavenBuild.TNG_002" name="f" time="59.592"/>
</testsuite> <!-- com.project.July6_30AM_MavenBuild.TNG_002 -->
