<?xml version="1.0" encoding="UTF-8"?>
<!-- Generated by org.testng.reporters.JUnitReportReporter -->
<testsuite hostname="DESKTOP-JCJ8HOK" failures="0" tests="1" name="switches.FileUpload" time="15.120" errors="0" timestamp="12 Oct 2021 01:38:25 GMT" skipped="0">
  <testcase classname="switches.FileUpload" name="fileupload" time="15.120"/>
</testsuite> <!-- switches.FileUpload -->
