<?xml version="1.0" encoding="UTF-8"?>
<!-- Generated by org.testng.reporters.JUnitReportReporter -->
<testsuite hostname="DESKTOP-JCJ8HOK" failures="0" tests="1" name="switches.AlertHandling" time="15.200" errors="0" timestamp="12 Oct 2021 01:20:02 GMT" skipped="0">
  <testcase classname="switches.AlertHandling" name="f" time="15.200"/>
</testsuite> <!-- switches.AlertHandling -->
