<?xml version="1.0" encoding="UTF-8"?>
<!-- Generated by org.testng.reporters.JUnitReportReporter -->
<testsuite hostname="DESKTOP-JCJ8HOK" failures="0" tests="1" name="pom.POM_001" time="18.746" errors="0" timestamp="05 Oct 2021 01:38:23 GMT" skipped="0">
  <testcase classname="pom.POM_001" name="f" time="18.746"/>
</testsuite> <!-- pom.POM_001 -->
