<?xml version="1.0" encoding="UTF-8"?>
<!-- Generated by org.testng.reporters.JUnitReportReporter -->
<testsuite hostname="DESKTOP-JCJ8HOK" failures="0" tests="1" name="suiteA.TestA3" time="4.012" errors="0" timestamp="01 Sep 2021 01:12:10 GMT" skipped="0">
  <testcase classname="suiteA.TestA3" name="testA3" time="4.012"/>
</testsuite> <!-- suiteA.TestA3 -->
