<?xml version="1.0" encoding="UTF-8"?>
<!-- Generated by org.testng.reporters.JUnitReportReporter -->
<testsuite skipped="1" hostname="DESKTOP-27L8JE7" name="com.project.July6_30AM_MavenBuild.TNG_001" tests="3" failures="0" timestamp="27 Aug 2021 01:59:40 GMT" time="0.028" errors="0">
  <testcase name="f" time="0.017" classname="com.project.July6_30AM_MavenBuild.TNG_001"/>
  <testcase name="a" time="0.011" classname="com.project.July6_30AM_MavenBuild.TNG_001"/>
  <testcase name="z" classname="com.project.July6_30AM_MavenBuild.TNG_001">
    <skipped/>
  </testcase> <!-- z -->
</testsuite> <!-- com.project.July6_30AM_MavenBuild.TNG_001 -->
