<?xml version="1.0" encoding="UTF-8"?>
<!-- Generated by org.testng.reporters.JUnitReportReporter -->
<testsuite hostname="DESKTOP-JCJ8HOK" failures="0" tests="1" name="suiteB.TestB3" time="4.007" errors="0" timestamp="01 Sep 2021 01:12:10 GMT" skipped="0">
  <testcase classname="suiteB.TestB3" name="testB3" time="4.007"/>
</testsuite> <!-- suiteB.TestB3 -->
