<?xml version="1.0" encoding="UTF-8"?>
<!-- Generated by org.testng.reporters.JUnitReportReporter -->
<testsuite hostname="DESKTOP-JCJ8HOK" failures="0" tests="1" name="suiteA.TestA2" time="4.025" errors="0" timestamp="01 Sep 2021 01:12:10 GMT" skipped="0">
  <testcase classname="suiteA.TestA2" name="testA2" time="4.025"/>
</testsuite> <!-- suiteA.TestA2 -->
