<?xml version="1.0" encoding="UTF-8"?>
<!-- Generated by org.testng.reporters.JUnitReportReporter -->
<testsuite hostname="DESKTOP-JCJ8HOK" failures="0" tests="1" name="suiteB.TestB1" time="4.022" errors="0" timestamp="01 Sep 2021 01:12:10 GMT" skipped="0">
  <testcase classname="suiteB.TestB1" name="testB1" time="4.022"/>
</testsuite> <!-- suiteB.TestB1 -->
