<?xml version="1.0" encoding="UTF-8"?>
<!-- Generated by org.testng.reporters.JUnitReportReporter -->
<testsuite hostname="DESKTOP-JCJ8HOK" failures="0" tests="4" name="com.project.July6_30AM_MavenBuild.TestDependency" time="0.040" errors="0" timestamp="01 Sep 2021 01:47:50 GMT" skipped="2">
  <testcase classname="com.project.July6_30AM_MavenBuild.TestDependency" name="orange" time="0.031"/>
  <testcase classname="com.project.July6_30AM_MavenBuild.TestDependency" name="white" time="0.003"/>
  <testcase classname="com.project.July6_30AM_MavenBuild.TestDependency" name="blue" time="0.005">
    <skipped/>
  </testcase> <!-- blue -->
  <testcase classname="com.project.July6_30AM_MavenBuild.TestDependency" name="green" time="0.001">
    <skipped/>
  </testcase> <!-- green -->
</testsuite> <!-- com.project.July6_30AM_MavenBuild.TestDependency -->
