<?xml version="1.0" encoding="UTF-8"?>
<!-- Generated by org.testng.reporters.JUnitReportReporter -->
<testsuite skipped="0" hostname="DESKTOP-27L8JE7" name="com.project.July6_30AM_MavenBuild.NewTest" tests="1" failures="0" timestamp="27 Aug 2021 01:43:11 GMT" time="0.041" errors="0">
  <testcase name="f" time="0.041" classname="com.project.July6_30AM_MavenBuild.NewTest"/>
</testsuite> <!-- com.project.July6_30AM_MavenBuild.NewTest -->
