<?xml version="1.0" encoding="UTF-8"?>
<!-- Generated by org.testng.reporters.JUnitReportReporter -->
<testsuite hostname="DESKTOP-JCJ8HOK" failures="0" tests="3" name="com.project.July6_30AM_MavenBuild.TestNGTestMethodsParallel" time="0.091" errors="0" timestamp="31 Aug 2021 01:38:56 GMT" skipped="0">
  <testcase classname="com.project.July6_30AM_MavenBuild.TestNGTestMethodsParallel" name="test3" time="0.030"/>
  <testcase classname="com.project.July6_30AM_MavenBuild.TestNGTestMethodsParallel" name="test1" time="0.031"/>
  <testcase classname="com.project.July6_30AM_MavenBuild.TestNGTestMethodsParallel" name="test2" time="0.030"/>
</testsuite> <!-- com.project.July6_30AM_MavenBuild.TestNGTestMethodsParallel -->
