<?xml version="1.0" encoding="UTF-8"?>
<!-- Generated by org.testng.reporters.JUnitReportReporter -->
<testsuite hostname="DESKTOP-JCJ8HOK" failures="0" tests="2" name="testcases.CustomerCommunication" time="0.007" errors="0" timestamp="2021-09-15T07:28:22 IST" skipped="0">
  <testcase classname="testcases.CustomerCommunication" name="checkEMail" time="0.004"/>
  <system-out/>
  <testcase classname="testcases.CustomerCommunication" name="checkEMail" time="0.003"/>
  <system-out/>
</testsuite> <!-- testcases.CustomerCommunication -->
