<?xml version="1.0" encoding="UTF-8"?>
<!-- Generated by org.testng.reporters.JUnitReportReporter -->
<testsuite hostname="DESKTOP-JCJ8HOK" failures="0" tests="2" name="testcases.PaymentManager" time="0.001" errors="0" timestamp="2021-09-21T07:33:43 IST" skipped="0">
  <testcase classname="testcases.PaymentManager" name="applyDiscount" time="0.000"/>
  <system-out/>
  <testcase classname="testcases.PaymentManager" name="makePayment" time="0.001"/>
  <system-out/>
</testsuite> <!-- testcases.PaymentManager -->
