<?xml version="1.0" encoding="UTF-8"?>
<!-- Generated by org.testng.reporters.JUnitReportReporter -->
<testsuite hostname="DESKTOP-JCJ8HOK" failures="0" tests="3" name="testcases.BookingSearch" time="0.020" errors="0" timestamp="2021-09-21T07:33:43 IST" skipped="0">
  <testcase classname="testcases.BookingSearch" name="enterGuestInfo" time="0.000"/>
  <system-out/>
  <testcase classname="testcases.BookingSearch" name="searchHotel" time="0.019"/>
  <system-out/>
  <testcase classname="testcases.BookingSearch" name="selectHotel" time="0.001"/>
  <system-out/>
</testsuite> <!-- testcases.BookingSearch -->
