<?xml version="1.0" encoding="UTF-8"?>
<!-- Generated by org.testng.reporters.JUnitReportReporter -->
<testsuite hostname="DESKTOP-JCJ8HOK" failures="0" tests="6" name="testcases.PaymentManager" time="0.018" errors="0" timestamp="2021-09-16T07:02:39 IST" skipped="0">
  <testcase classname="testcases.PaymentManager" name="makePayment" time="0.001"/>
  <system-out/>
  <testcase classname="testcases.PaymentManager" name="makePayment" time="0.003"/>
  <system-out/>
  <testcase classname="testcases.PaymentManager" name="applyDiscount" time="0.005"/>
  <system-out/>
  <testcase classname="testcases.PaymentManager" name="makePayment" time="0.003"/>
  <system-out/>
  <testcase classname="testcases.PaymentManager" name="applyDiscount" time="0.004"/>
  <system-out/>
  <testcase classname="testcases.PaymentManager" name="applyDiscount" time="0.002"/>
  <system-out/>
</testsuite> <!-- testcases.PaymentManager -->
