<?xml version="1.0" encoding="UTF-8"?>
<!-- Generated by org.testng.reporters.JUnitReportReporter -->
<testsuite hostname="DESKTOP-JCJ8HOK" failures="0" tests="9" name="testcases.BookingSearch" time="0.065" errors="0" timestamp="2021-09-16T07:02:39 IST" skipped="0">
  <testcase classname="testcases.BookingSearch" name="enterGuestInfo" time="0.007"/>
  <system-out/>
  <testcase classname="testcases.BookingSearch" name="searchHotel" time="0.003"/>
  <system-out/>
  <testcase classname="testcases.BookingSearch" name="selectHotel" time="0.004"/>
  <system-out/>
  <testcase classname="testcases.BookingSearch" name="selectHotel" time="0.003"/>
  <system-out/>
  <testcase classname="testcases.BookingSearch" name="selectHotel" time="0.012"/>
  <system-out/>
  <testcase classname="testcases.BookingSearch" name="searchHotel" time="0.029"/>
  <system-out/>
  <testcase classname="testcases.BookingSearch" name="enterGuestInfo" time="0.003"/>
  <system-out/>
  <testcase classname="testcases.BookingSearch" name="enterGuestInfo" time="0.002"/>
  <system-out/>
  <testcase classname="testcases.BookingSearch" name="loadBooking" time="0.002"/>
  <system-out/>
</testsuite> <!-- testcases.BookingSearch -->
