<?xml version="1.0" encoding="UTF-8"?>
<!-- Generated by org.testng.reporters.JUnitReportReporter -->
<testsuite hostname="DESKTOP-JCJ8HOK" failures="0" tests="3" name="testcases.CustomerCommunication" time="0.011" errors="0" timestamp="2021-09-16T07:02:39 IST" skipped="0">
  <testcase classname="testcases.CustomerCommunication" name="checkEMail" time="0.003"/>
  <system-out/>
  <testcase classname="testcases.CustomerCommunication" name="checkEMail" time="0.006"/>
  <system-out/>
  <testcase classname="testcases.CustomerCommunication" name="checkEMail" time="0.002"/>
  <system-out/>
</testsuite> <!-- testcases.CustomerCommunication -->
